#-----------------------------------------------------------
# Vivado v2017.4 (64-bit)
# SW Build 2086221 on Fri Dec 15 20:55:39 MST 2017
# IP Build 2085800 on Fri Dec 15 22:25:07 MST 2017
# Start of session at: Mon Apr 21 16:13:10 2025
# Process ID: 1796
# Current directory: C:/Users/ABHINAV SINGH/AppData/Roaming/Xilinx/Vivado
# Command line: vivado.exe -gui_launcher_event rodinguilauncherevent10788
# Log file: C:/Users/ABHINAV SINGH/AppData/Roaming/Xilinx/Vivado/vivado.log
# Journal file: C:/Users/ABHINAV SINGH/AppData/Roaming/Xilinx/Vivado\vivado.jou
#-----------------------------------------------------------
start_gui
open_project D:/XilinxProject/multislave_AHB/multislave_AHB.xpr
Scanning sources...
Finished scanning sources
INFO: [IP_Flow 19-234] Refreshing IP repositories
INFO: [IP_Flow 19-1704] No user IP repositories specified
INFO: [IP_Flow 19-2313] Loaded Vivado IP repository 'G:/Xilinx/Vivado/2017.4/data/ip'.
update_compile_order -fileset sources_1
archive_project {D:/Minor Project/multislave_AHB.xpr.zip} -temp_dir {C:/Users/ABHINAV SINGH/AppData/Roaming/Xilinx/Vivado/.Xil/Vivado-1796-Asus} -force -include_local_ip_cache -include_config_settings
INFO: [Coretcl 2-137] starting archive...
INFO: [Coretcl 2-1499] Saving project copy to temporary location 'C:/Users/ABHINAV SINGH/AppData/Roaming/Xilinx/Vivado/.Xil/Vivado-1796-Asus' for archiving project
Scanning sources...
Finished scanning sources
INFO: [Coretcl 2-1211] Creating project copy for archival...
INFO: [ProjectBase 1-495] The host OS only allows 260 characters in a normal path. The project is stored in a path with more than 80 characters. If you experience any problem with archiving the project, please consider setting environment variable $TEMP to a shorter path.
Current project path is 'C:/Users/ABHINAV SINGH/AppData/Roaming/Xilinx/Vivado/.Xil/Vivado-1796-Asus/PrjAr/_X_'.
INFO: [Coretcl 2-1213] Including run results for 'synth_1'
INFO: [Coretcl 2-1213] Including run results for 'impl_1'
